<?xml version="1.0" encoding="UTF-8"?>
<testng-results ignored="0" total="1" passed="1" failed="0" skipped="0">
  <reporter-output>
  </reporter-output>
  <suite started-at="2022-10-14T06:21:09 IST" name="Default suite" finished-at="2022-10-14T06:21:32 IST" duration-ms="23457">
    <groups>
    </groups>
    <test started-at="2022-10-14T06:21:09 IST" name="Default test" finished-at="2022-10-14T06:21:32 IST" duration-ms="23457">
      <class name="WheatherTestClasses.ConvertTempDegreeToDouble">
        <test-method is-config="true" signature="browserOpen()[pri:0, instance:WheatherTestClasses.ConvertTempDegreeToDouble@53ce1329]" started-at="2022-10-14T06:21:09 IST" name="browserOpen" finished-at="2022-10-14T06:21:30 IST" duration-ms="21308" status="PASS">
          <reporter-output>
          </reporter-output>
        </test-method> <!-- browserOpen -->
        <test-method signature="ClickOnAllCity()[pri:0, instance:WheatherTestClasses.ConvertTempDegreeToDouble@53ce1329]" started-at="2022-10-14T06:21:30 IST" name="ClickOnAllCity" finished-at="2022-10-14T06:21:32 IST" duration-ms="2069" status="PASS">
          <reporter-output>
          </reporter-output>
        </test-method> <!-- ClickOnAllCity -->
      </class> <!-- WheatherTestClasses.ConvertTempDegreeToDouble -->
    </test> <!-- Default test -->
  </suite> <!-- Default suite -->
</testng-results>
